[INFO] [tracker_server.cpp:220] [PID:773] [TID:0x7fff7bcc0960] [2013-01-05 09:25:53] - init ok. 
[INFO] [tracker_server.cpp:231] [PID:773] [TID:0x7fff7bcc0960] [2013-01-05 09:26:19] - TRACKEE_WEB_SVR 
[INFO] [tracker_server.cpp:21] [PID:773] [TID:0x7fff7bcc0960] [2013-01-05 09:26:19] - parseFromWire receive: type: SEND_LOC_REQ
id: 19752012
trackee_x: "113.90844"
trackee_y: "22.575891"
trackee_desc: "\345\271\277\344\270\234\347\234\201\346\267\261\345\234\263\345\270\202\345\256\235\345\256\211\345\214\272\345\211\215\350\277\233\344\270\200\350\267\257217"
 
[DEBUG] [tracker_server.cpp:56] [PID:773] [TID:0x7fff7bcc0960] [2013-01-05 09:26:19] - proc SEND_LOC_REQ hasid():  
[DEBUG] [tracker_server.cpp:99] [PID:773] [TID:0x7fff7bcc0960] [2013-01-05 09:26:19] - event to trackee server
 type: SEND_LOC_REP
id: 19752012
trackee_x: "113.90844"
trackee_y: "22.575891"
trackee_desc: "\345\271\277\344\270\234\347\234\201\346\267\261\345\234\263\345\270\202\345\256\235\345\256\211\345\214\272\345\211\215\350\277\233\344\270\200\350\267\257217"
 
[INFO] [tracker_server.cpp:231] [PID:773] [TID:0x7fff7bcc0960] [2013-01-05 09:26:19] - TRACKEE_WEB_SVR 
[INFO] [tracker_server.cpp:21] [PID:773] [TID:0x7fff7bcc0960] [2013-01-05 09:26:19] - parseFromWire receive: type: SEND_LOC_REQ
id: 19752012
trackee_x: "113.90844"
trackee_y: "22.575891"
trackee_desc: "\345\271\277\344\270\234\347\234\201\346\267\261\345\234\263\345\270\202\345\256\235\345\256\211\345\214\272\345\211\215\350\277\233\344\270\200\350\267\257217"
 
[DEBUG] [tracker_server.cpp:56] [PID:773] [TID:0x7fff7bcc0960] [2013-01-05 09:26:19] - proc SEND_LOC_REQ hasid():  
[DEBUG] [tracker_server.cpp:99] [PID:773] [TID:0x7fff7bcc0960] [2013-01-05 09:26:19] - event to trackee server
 type: SEND_LOC_REP
id: 19752012
trackee_x: "113.90844"
trackee_y: "22.575891"
trackee_desc: "\345\271\277\344\270\234\347\234\201\346\267\261\345\234\263\345\270\202\345\256\235\345\256\211\345\214\272\345\211\215\350\277\233\344\270\200\350\267\257217"
 
[INFO] [tracker_server.cpp:231] [PID:773] [TID:0x7fff7bcc0960] [2013-01-05 09:26:31] - TRACKEE_WEB_SVR 
[INFO] [tracker_server.cpp:21] [PID:773] [TID:0x7fff7bcc0960] [2013-01-05 09:26:31] - parseFromWire receive: type: SEND_LOC_REQ
id: 19752012
trackee_x: "113.90843991789"
trackee_y: "22.575891461328"
trackee_desc: "\345\271\277\344\270\234\347\234\201\346\267\261\345\234\263\345\270\202\345\256\235\345\256\211\345\214\272\345\211\215\350\277\233\344\270\200\350\267\257217"
 
[DEBUG] [tracker_server.cpp:56] [PID:773] [TID:0x7fff7bcc0960] [2013-01-05 09:26:31] - proc SEND_LOC_REQ hasid():  
[DEBUG] [tracker_server.cpp:99] [PID:773] [TID:0x7fff7bcc0960] [2013-01-05 09:26:31] - event to trackee server
 type: SEND_LOC_REP
id: 19752012
trackee_x: "113.90843991789"
trackee_y: "22.575891461328"
trackee_desc: "\345\271\277\344\270\234\347\234\201\346\267\261\345\234\263\345\270\202\345\256\235\345\256\211\345\214\272\345\211\215\350\277\233\344\270\200\350\267\257217"
 
[INFO] [tracker_server.cpp:231] [PID:773] [TID:0x7fff7bcc0960] [2013-01-05 09:26:31] - TRACKEE_WEB_SVR 
[INFO] [tracker_server.cpp:21] [PID:773] [TID:0x7fff7bcc0960] [2013-01-05 09:26:31] - parseFromWire receive: type: SEND_LOC_REQ
id: 19752012
trackee_x: "113.90843991789"
trackee_y: "22.575891461328"
trackee_desc: "\345\271\277\344\270\234\347\234\201\346\267\261\345\234\263\345\270\202\345\256\235\345\256\211\345\214\272\345\211\215\350\277\233\344\270\200\350\267\257217"
 
[DEBUG] [tracker_server.cpp:56] [PID:773] [TID:0x7fff7bcc0960] [2013-01-05 09:26:31] - proc SEND_LOC_REQ hasid():  
[DEBUG] [tracker_server.cpp:99] [PID:773] [TID:0x7fff7bcc0960] [2013-01-05 09:26:31] - event to trackee server
 type: SEND_LOC_REP
id: 19752012
trackee_x: "113.90843991789"
trackee_y: "22.575891461328"
trackee_desc: "\345\271\277\344\270\234\347\234\201\346\267\261\345\234\263\345\270\202\345\256\235\345\256\211\345\214\272\345\211\215\350\277\233\344\270\200\350\267\257217"
 
[INFO] [tracker_server.cpp:231] [PID:773] [TID:0x7fff7bcc0960] [2013-01-05 09:26:39] - TRACKEE_WEB_SVR 
[INFO] [tracker_server.cpp:21] [PID:773] [TID:0x7fff7bcc0960] [2013-01-05 09:26:39] - parseFromWire receive: type: SEND_LOC_REQ
id: 19752012
trackee_x: "113.908387"
trackee_y: "22.57595"
trackee_desc: "\345\271\277\344\270\234\347\234\201\346\267\261\345\234\263\345\270\202\345\256\235\345\256\211\345\214\272\345\211\215\350\277\233\344\270\200\350\267\257"
 
[DEBUG] [tracker_server.cpp:56] [PID:773] [TID:0x7fff7bcc0960] [2013-01-05 09:26:39] - proc SEND_LOC_REQ hasid():  
[DEBUG] [tracker_server.cpp:99] [PID:773] [TID:0x7fff7bcc0960] [2013-01-05 09:26:39] - event to trackee server
 type: SEND_LOC_REP
id: 19752012
trackee_x: "113.908387"
trackee_y: "22.57595"
trackee_desc: "\345\271\277\344\270\234\347\234\201\346\267\261\345\234\263\345\270\202\345\256\235\345\256\211\345\214\272\345\211\215\350\277\233\344\270\200\350\267\257"
 
[INFO] [tracker_server.cpp:231] [PID:773] [TID:0x7fff7bcc0960] [2013-01-05 09:26:39] - TRACKEE_WEB_SVR 
[INFO] [tracker_server.cpp:21] [PID:773] [TID:0x7fff7bcc0960] [2013-01-05 09:26:39] - parseFromWire receive: type: SEND_LOC_REQ
id: 19752012
trackee_x: "113.908387"
trackee_y: "22.57595"
trackee_desc: "\345\271\277\344\270\234\347\234\201\346\267\261\345\234\263\345\270\202\345\256\235\345\256\211\345\214\272\345\211\215\350\277\233\344\270\200\350\267\257"
 
[DEBUG] [tracker_server.cpp:56] [PID:773] [TID:0x7fff7bcc0960] [2013-01-05 09:26:39] - proc SEND_LOC_REQ hasid():  
[DEBUG] [tracker_server.cpp:99] [PID:773] [TID:0x7fff7bcc0960] [2013-01-05 09:26:39] - event to trackee server
 type: SEND_LOC_REP
id: 19752012
trackee_x: "113.908387"
trackee_y: "22.57595"
trackee_desc: "\345\271\277\344\270\234\347\234\201\346\267\261\345\234\263\345\270\202\345\256\235\345\256\211\345\214\272\345\211\215\350\277\233\344\270\200\350\267\257"
 
[INFO] [tracker_server.cpp:231] [PID:773] [TID:0x7fff7bcc0960] [2013-01-05 09:26:47] - TRACKEE_WEB_SVR 
[INFO] [tracker_server.cpp:21] [PID:773] [TID:0x7fff7bcc0960] [2013-01-05 09:26:47] - parseFromWire receive: type: SEND_LOC_REQ
id: 19752012
trackee_x: "113.9083556332"
trackee_y: "22.575982367117"
trackee_desc: "\345\271\277\344\270\234\347\234\201\346\267\261\345\234\263\345\270\202\345\256\235\345\256\211\345\214\272\345\211\215\350\277\233\344\270\200\350\267\257"
 
[DEBUG] [tracker_server.cpp:56] [PID:773] [TID:0x7fff7bcc0960] [2013-01-05 09:26:47] - proc SEND_LOC_REQ hasid():  
[DEBUG] [tracker_server.cpp:99] [PID:773] [TID:0x7fff7bcc0960] [2013-01-05 09:26:47] - event to trackee server
 type: SEND_LOC_REP
id: 19752012
trackee_x: "113.9083556332"
trackee_y: "22.575982367117"
trackee_desc: "\345\271\277\344\270\234\347\234\201\346\267\261\345\234\263\345\270\202\345\256\235\345\256\211\345\214\272\345\211\215\350\277\233\344\270\200\350\267\257"
 
[INFO] [tracker_server.cpp:231] [PID:773] [TID:0x7fff7bcc0960] [2013-01-05 09:26:47] - TRACKEE_WEB_SVR 
[INFO] [tracker_server.cpp:21] [PID:773] [TID:0x7fff7bcc0960] [2013-01-05 09:26:47] - parseFromWire receive: type: SEND_LOC_REQ
id: 19752012
trackee_x: "113.9083556332"
trackee_y: "22.575982367117"
trackee_desc: "\345\271\277\344\270\234\347\234\201\346\267\261\345\234\263\345\270\202\345\256\235\345\256\211\345\214\272\345\211\215\350\277\233\344\270\200\350\267\257"
 
[DEBUG] [tracker_server.cpp:56] [PID:773] [TID:0x7fff7bcc0960] [2013-01-05 09:26:47] - proc SEND_LOC_REQ hasid():  
[DEBUG] [tracker_server.cpp:99] [PID:773] [TID:0x7fff7bcc0960] [2013-01-05 09:26:47] - event to trackee server
 type: SEND_LOC_REP
id: 19752012
trackee_x: "113.9083556332"
trackee_y: "22.575982367117"
trackee_desc: "\345\271\277\344\270\234\347\234\201\346\267\261\345\234\263\345\270\202\345\256\235\345\256\211\345\214\272\345\211\215\350\277\233\344\270\200\350\267\257"
 
[INFO] [tracker_server.cpp:231] [PID:773] [TID:0x7fff7bcc0960] [2013-01-05 09:26:58] - TRACKEE_WEB_SVR 
[INFO] [tracker_server.cpp:21] [PID:773] [TID:0x7fff7bcc0960] [2013-01-05 09:26:58] - parseFromWire receive: type: SEND_LOC_REQ
id: 19752012
trackee_x: "113.9083556332"
trackee_y: "22.575982367117"
trackee_desc: "\345\271\277\344\270\234\347\234\201\346\267\261\345\234\263\345\270\202\345\256\235\345\256\211\345\214\272\345\211\215\350\277\233\344\270\200\350\267\257"
 
[DEBUG] [tracker_server.cpp:56] [PID:773] [TID:0x7fff7bcc0960] [2013-01-05 09:26:58] - proc SEND_LOC_REQ hasid():  
[DEBUG] [tracker_server.cpp:99] [PID:773] [TID:0x7fff7bcc0960] [2013-01-05 09:26:58] - event to trackee server
 type: SEND_LOC_REP
id: 19752012
trackee_x: "113.9083556332"
trackee_y: "22.575982367117"
trackee_desc: "\345\271\277\344\270\234\347\234\201\346\267\261\345\234\263\345\270\202\345\256\235\345\256\211\345\214\272\345\211\215\350\277\233\344\270\200\350\267\257"
 
[INFO] [tracker_server.cpp:231] [PID:773] [TID:0x7fff7bcc0960] [2013-01-05 09:26:58] - TRACKEE_WEB_SVR 
[INFO] [tracker_server.cpp:21] [PID:773] [TID:0x7fff7bcc0960] [2013-01-05 09:26:58] - parseFromWire receive: type: SEND_LOC_REQ
id: 19752012
trackee_x: "113.9083556332"
trackee_y: "22.575982367117"
trackee_desc: "\345\271\277\344\270\234\347\234\201\346\267\261\345\234\263\345\270\202\345\256\235\345\256\211\345\214\272\345\211\215\350\277\233\344\270\200\350\267\257"
 
[DEBUG] [tracker_server.cpp:56] [PID:773] [TID:0x7fff7bcc0960] [2013-01-05 09:26:58] - proc SEND_LOC_REQ hasid():  
[DEBUG] [tracker_server.cpp:99] [PID:773] [TID:0x7fff7bcc0960] [2013-01-05 09:26:58] - event to trackee server
 type: SEND_LOC_REP
id: 19752012
trackee_x: "113.9083556332"
trackee_y: "22.575982367117"
trackee_desc: "\345\271\277\344\270\234\347\234\201\346\267\261\345\234\263\345\270\202\345\256\235\345\256\211\345\214\272\345\211\215\350\277\233\344\270\200\350\267\257"
 
[INFO] [tracker_server.cpp:231] [PID:773] [TID:0x7fff7bcc0960] [2013-01-05 09:27:04] - TRACKEE_WEB_SVR 
[INFO] [tracker_server.cpp:21] [PID:773] [TID:0x7fff7bcc0960] [2013-01-05 09:27:04] - parseFromWire receive: type: SEND_LOC_REQ
id: 19752012
trackee_x: "113.90843176592"
trackee_y: "22.575905431282"
trackee_desc: "\345\271\277\344\270\234\347\234\201\346\267\261\345\234\263\345\270\202\345\256\235\345\256\211\345\214\272\345\211\215\350\277\233\344\270\200\350\267\257217"
 
[DEBUG] [tracker_server.cpp:56] [PID:773] [TID:0x7fff7bcc0960] [2013-01-05 09:27:04] - proc SEND_LOC_REQ hasid():  
[DEBUG] [tracker_server.cpp:99] [PID:773] [TID:0x7fff7bcc0960] [2013-01-05 09:27:04] - event to trackee server
 type: SEND_LOC_REP
id: 19752012
trackee_x: "113.90843176592"
trackee_y: "22.575905431282"
trackee_desc: "\345\271\277\344\270\234\347\234\201\346\267\261\345\234\263\345\270\202\345\256\235\345\256\211\345\214\272\345\211\215\350\277\233\344\270\200\350\267\257217"
 
[INFO] [tracker_server.cpp:231] [PID:773] [TID:0x7fff7bcc0960] [2013-01-05 09:27:04] - TRACKEE_WEB_SVR 
[INFO] [tracker_server.cpp:21] [PID:773] [TID:0x7fff7bcc0960] [2013-01-05 09:27:04] - parseFromWire receive: type: SEND_LOC_REQ
id: 19752012
trackee_x: "113.90843176592"
trackee_y: "22.575905431282"
trackee_desc: "\345\271\277\344\270\234\347\234\201\346\267\261\345\234\263\345\270\202\345\256\235\345\256\211\345\214\272\345\211\215\350\277\233\344\270\200\350\267\257217"
 
[DEBUG] [tracker_server.cpp:56] [PID:773] [TID:0x7fff7bcc0960] [2013-01-05 09:27:04] - proc SEND_LOC_REQ hasid():  
[DEBUG] [tracker_server.cpp:99] [PID:773] [TID:0x7fff7bcc0960] [2013-01-05 09:27:04] - event to trackee server
 type: SEND_LOC_REP
id: 19752012
trackee_x: "113.90843176592"
trackee_y: "22.575905431282"
trackee_desc: "\345\271\277\344\270\234\347\234\201\346\267\261\345\234\263\345\270\202\345\256\235\345\256\211\345\214\272\345\211\215\350\277\233\344\270\200\350\267\257217"
 
[INFO] [tracker_server.cpp:231] [PID:773] [TID:0x7fff7bcc0960] [2013-01-05 09:27:30] - TRACKEE_WEB_SVR 
[INFO] [tracker_server.cpp:21] [PID:773] [TID:0x7fff7bcc0960] [2013-01-05 09:27:30] - parseFromWire receive: type: SEND_LOC_REQ
id: 19752012
trackee_x: "113.90843176592"
trackee_y: "22.575905431282"
trackee_desc: "\345\271\277\344\270\234\347\234\201\346\267\261\345\234\263\345\270\202\345\256\235\345\256\211\345\214\272\345\211\215\350\277\233\344\270\200\350\267\257217"
 
[DEBUG] [tracker_server.cpp:56] [PID:773] [TID:0x7fff7bcc0960] [2013-01-05 09:27:30] - proc SEND_LOC_REQ hasid():  
[DEBUG] [tracker_server.cpp:99] [PID:773] [TID:0x7fff7bcc0960] [2013-01-05 09:27:30] - event to trackee server
 type: SEND_LOC_REP
id: 19752012
trackee_x: "113.90843176592"
trackee_y: "22.575905431282"
trackee_desc: "\345\271\277\344\270\234\347\234\201\346\267\261\345\234\263\345\270\202\345\256\235\345\256\211\345\214\272\345\211\215\350\277\233\344\270\200\350\267\257217"
 
[INFO] [tracker_server.cpp:231] [PID:773] [TID:0x7fff7bcc0960] [2013-01-05 09:27:30] - TRACKEE_WEB_SVR 
[INFO] [tracker_server.cpp:21] [PID:773] [TID:0x7fff7bcc0960] [2013-01-05 09:27:30] - parseFromWire receive: type: SEND_LOC_REQ
id: 19752012
trackee_x: "113.90843176592"
trackee_y: "22.575905431282"
trackee_desc: "\345\271\277\344\270\234\347\234\201\346\267\261\345\234\263\345\270\202\345\256\235\345\256\211\345\214\272\345\211\215\350\277\233\344\270\200\350\267\257217"
 
[DEBUG] [tracker_server.cpp:56] [PID:773] [TID:0x7fff7bcc0960] [2013-01-05 09:27:30] - proc SEND_LOC_REQ hasid():  
[DEBUG] [tracker_server.cpp:99] [PID:773] [TID:0x7fff7bcc0960] [2013-01-05 09:27:30] - event to trackee server
 type: SEND_LOC_REP
id: 19752012
trackee_x: "113.90843176592"
trackee_y: "22.575905431282"
trackee_desc: "\345\271\277\344\270\234\347\234\201\346\267\261\345\234\263\345\270\202\345\256\235\345\256\211\345\214\272\345\211\215\350\277\233\344\270\200\350\267\257217"
 
[INFO] [tracker_server.cpp:231] [PID:773] [TID:0x7fff7bcc0960] [2013-01-05 10:42:47] - TRACKEE_WEB_SVR 
[INFO] [tracker_server.cpp:21] [PID:773] [TID:0x7fff7bcc0960] [2013-01-05 10:42:47] - parseFromWire receive: type: SEND_LOC_REQ
id: 19752012
trackee_x: "114.064338"
trackee_y: "22.632336"
trackee_desc: "\345\271\277\344\270\234\347\234\201\346\267\261\345\234\263\345\270\202\345\256\235\345\256\211\345\214\272\345\270\203\351\276\231\350\267\257"
 
[DEBUG] [tracker_server.cpp:56] [PID:773] [TID:0x7fff7bcc0960] [2013-01-05 10:42:47] - proc SEND_LOC_REQ hasid():  
[DEBUG] [tracker_server.cpp:99] [PID:773] [TID:0x7fff7bcc0960] [2013-01-05 10:42:47] - event to trackee server
 type: SEND_LOC_REP
id: 19752012
trackee_x: "114.064338"
trackee_y: "22.632336"
trackee_desc: "\345\271\277\344\270\234\347\234\201\346\267\261\345\234\263\345\270\202\345\256\235\345\256\211\345\214\272\345\270\203\351\276\231\350\267\257"
 
[INFO] [tracker_server.cpp:231] [PID:773] [TID:0x7fff7bcc0960] [2013-01-05 10:42:48] - TRACKEE_WEB_SVR 
[INFO] [tracker_server.cpp:21] [PID:773] [TID:0x7fff7bcc0960] [2013-01-05 10:42:48] - parseFromWire receive: type: SEND_LOC_REQ
id: 19752012
trackee_x: "114.064338"
trackee_y: "22.632336"
trackee_desc: "\345\271\277\344\270\234\347\234\201\346\267\261\345\234\263\345\270\202\345\256\235\345\256\211\345\214\272\345\270\203\351\276\231\350\267\257"
 
[DEBUG] [tracker_server.cpp:56] [PID:773] [TID:0x7fff7bcc0960] [2013-01-05 10:42:48] - proc SEND_LOC_REQ hasid():  
[DEBUG] [tracker_server.cpp:99] [PID:773] [TID:0x7fff7bcc0960] [2013-01-05 10:42:48] - event to trackee server
 type: SEND_LOC_REP
id: 19752012
trackee_x: "114.064338"
trackee_y: "22.632336"
trackee_desc: "\345\271\277\344\270\234\347\234\201\346\267\261\345\234\263\345\270\202\345\256\235\345\256\211\345\214\272\345\270\203\351\276\231\350\267\257"
 
[INFO] [tracker_server.cpp:231] [PID:773] [TID:0x7fff7bcc0960] [2013-01-05 15:20:39] - TRACKEE_WEB_SVR 
[INFO] [tracker_server.cpp:21] [PID:773] [TID:0x7fff7bcc0960] [2013-01-05 15:20:39] - parseFromWire receive: type: SEND_LOC_REQ
id: 1138084
trackee_x: "113.908847"
trackee_y: "22.576173"
trackee_desc: "\345\271\277\344\270\234\347\234\201\346\267\261\345\234\263\345\270\202\345\256\235\345\256\211\345\214\272\345\211\215\350\277\233\344\270\200\350\267\257217"
 
[DEBUG] [tracker_server.cpp:56] [PID:773] [TID:0x7fff7bcc0960] [2013-01-05 15:20:39] - proc SEND_LOC_REQ hasid():  
[DEBUG] [tracker_server.cpp:99] [PID:773] [TID:0x7fff7bcc0960] [2013-01-05 15:20:39] - event to trackee server
 type: SEND_LOC_REP
id: 1138084
trackee_x: "113.908847"
trackee_y: "22.576173"
trackee_desc: "\345\271\277\344\270\234\347\234\201\346\267\261\345\234\263\345\270\202\345\256\235\345\256\211\345\214\272\345\211\215\350\277\233\344\270\200\350\267\257217"
 
[INFO] [tracker_server.cpp:231] [PID:773] [TID:0x7fff7bcc0960] [2013-01-05 17:33:01] - TRACKEE_WEB_SVR 
[INFO] [tracker_server.cpp:21] [PID:773] [TID:0x7fff7bcc0960] [2013-01-05 17:33:01] - parseFromWire receive: type: SEND_LOC_REQ
id: 19752012
trackee_x: "114.064338"
trackee_y: "22.632336"
trackee_desc: "\345\271\277\344\270\234\347\234\201\346\267\261\345\234\263\345\270\202\345\256\235\345\256\211\345\214\272\345\270\203\351\276\231\350\267\257"
 
[DEBUG] [tracker_server.cpp:56] [PID:773] [TID:0x7fff7bcc0960] [2013-01-05 17:33:01] - proc SEND_LOC_REQ hasid():  
[DEBUG] [tracker_server.cpp:99] [PID:773] [TID:0x7fff7bcc0960] [2013-01-05 17:33:01] - event to trackee server
 type: SEND_LOC_REP
id: 19752012
trackee_x: "114.064338"
trackee_y: "22.632336"
trackee_desc: "\345\271\277\344\270\234\347\234\201\346\267\261\345\234\263\345\270\202\345\256\235\345\256\211\345\214\272\345\270\203\351\276\231\350\267\257"
 
[INFO] [tracker_server.cpp:231] [PID:773] [TID:0x7fff7bcc0960] [2013-01-05 17:33:01] - TRACKEE_WEB_SVR 
[INFO] [tracker_server.cpp:21] [PID:773] [TID:0x7fff7bcc0960] [2013-01-05 17:33:01] - parseFromWire receive: type: SEND_LOC_REQ
id: 19752012
trackee_x: "114.064338"
trackee_y: "22.632336"
trackee_desc: "\345\271\277\344\270\234\347\234\201\346\267\261\345\234\263\345\270\202\345\256\235\345\256\211\345\214\272\345\270\203\351\276\231\350\267\257"
 
[DEBUG] [tracker_server.cpp:56] [PID:773] [TID:0x7fff7bcc0960] [2013-01-05 17:33:01] - proc SEND_LOC_REQ hasid():  
[DEBUG] [tracker_server.cpp:99] [PID:773] [TID:0x7fff7bcc0960] [2013-01-05 17:33:01] - event to trackee server
 type: SEND_LOC_REP
id: 19752012
trackee_x: "114.064338"
trackee_y: "22.632336"
trackee_desc: "\345\271\277\344\270\234\347\234\201\346\267\261\345\234\263\345\270\202\345\256\235\345\256\211\345\214\272\345\270\203\351\276\231\350\267\257"
 
[INFO] [tracker_server.cpp:231] [PID:773] [TID:0x7fff7bcc0960] [2013-01-05 17:33:07] - TRACKEE_WEB_SVR 
[INFO] [tracker_server.cpp:21] [PID:773] [TID:0x7fff7bcc0960] [2013-01-05 17:33:07] - parseFromWire receive: type: SEND_LOC_REQ
id: 19752012
trackee_x: "114.064338"
trackee_y: "22.632336"
trackee_desc: "\345\271\277\344\270\234\347\234\201\346\267\261\345\234\263\345\270\202\345\256\235\345\256\211\345\214\272\345\270\203\351\276\231\350\267\257"
 
[DEBUG] [tracker_server.cpp:56] [PID:773] [TID:0x7fff7bcc0960] [2013-01-05 17:33:07] - proc SEND_LOC_REQ hasid():  
[DEBUG] [tracker_server.cpp:99] [PID:773] [TID:0x7fff7bcc0960] [2013-01-05 17:33:07] - event to trackee server
 type: SEND_LOC_REP
id: 19752012
trackee_x: "114.064338"
trackee_y: "22.632336"
trackee_desc: "\345\271\277\344\270\234\347\234\201\346\267\261\345\234\263\345\270\202\345\256\235\345\256\211\345\214\272\345\270\203\351\276\231\350\267\257"
 
[INFO] [tracker_server.cpp:231] [PID:773] [TID:0x7fff7bcc0960] [2013-01-05 17:33:08] - TRACKEE_WEB_SVR 
[INFO] [tracker_server.cpp:21] [PID:773] [TID:0x7fff7bcc0960] [2013-01-05 17:33:08] - parseFromWire receive: type: SEND_LOC_REQ
id: 19752012
trackee_x: "114.064338"
trackee_y: "22.632336"
trackee_desc: "\345\271\277\344\270\234\347\234\201\346\267\261\345\234\263\345\270\202\345\256\235\345\256\211\345\214\272\345\270\203\351\276\231\350\267\257"
 
[DEBUG] [tracker_server.cpp:56] [PID:773] [TID:0x7fff7bcc0960] [2013-01-05 17:33:08] - proc SEND_LOC_REQ hasid():  
[DEBUG] [tracker_server.cpp:99] [PID:773] [TID:0x7fff7bcc0960] [2013-01-05 17:33:08] - event to trackee server
 type: SEND_LOC_REP
id: 19752012
trackee_x: "114.064338"
trackee_y: "22.632336"
trackee_desc: "\345\271\277\344\270\234\347\234\201\346\267\261\345\234\263\345\270\202\345\256\235\345\256\211\345\214\272\345\270\203\351\276\231\350\267\257"
 
[INFO] [tracker_server.cpp:231] [PID:773] [TID:0x7fff7bcc0960] [2013-01-05 17:33:08] - TRACKEE_WEB_SVR 
[INFO] [tracker_server.cpp:21] [PID:773] [TID:0x7fff7bcc0960] [2013-01-05 17:33:08] - parseFromWire receive: type: SEND_LOC_REQ
id: 19752012
trackee_x: "114.064338"
trackee_y: "22.632336"
trackee_desc: "\345\271\277\344\270\234\347\234\201\346\267\261\345\234\263\345\270\202\345\256\235\345\256\211\345\214\272\345\270\203\351\276\231\350\267\257"
 
[DEBUG] [tracker_server.cpp:56] [PID:773] [TID:0x7fff7bcc0960] [2013-01-05 17:33:08] - proc SEND_LOC_REQ hasid():  
[DEBUG] [tracker_server.cpp:99] [PID:773] [TID:0x7fff7bcc0960] [2013-01-05 17:33:08] - event to trackee server
 type: SEND_LOC_REP
id: 19752012
trackee_x: "114.064338"
trackee_y: "22.632336"
trackee_desc: "\345\271\277\344\270\234\347\234\201\346\267\261\345\234\263\345\270\202\345\256\235\345\256\211\345\214\272\345\270\203\351\276\231\350\267\257"
 
[INFO] [tracker_server.cpp:231] [PID:773] [TID:0x7fff7bcc0960] [2013-01-05 17:33:20] - TRACKEE_WEB_SVR 
[INFO] [tracker_server.cpp:21] [PID:773] [TID:0x7fff7bcc0960] [2013-01-05 17:33:20] - parseFromWire receive: type: SEND_LOC_REQ
id: 19752012
trackee_x: "113.908468"
trackee_y: "22.575886"
trackee_desc: "\345\271\277\344\270\234\347\234\201\346\267\261\345\234\263\345\270\202\345\256\235\345\256\211\345\214\272\345\211\215\350\277\233\344\270\200\350\267\257217"
 
[DEBUG] [tracker_server.cpp:56] [PID:773] [TID:0x7fff7bcc0960] [2013-01-05 17:33:20] - proc SEND_LOC_REQ hasid():  
[DEBUG] [tracker_server.cpp:99] [PID:773] [TID:0x7fff7bcc0960] [2013-01-05 17:33:20] - event to trackee server
 type: SEND_LOC_REP
id: 19752012
trackee_x: "113.908468"
trackee_y: "22.575886"
trackee_desc: "\345\271\277\344\270\234\347\234\201\346\267\261\345\234\263\345\270\202\345\256\235\345\256\211\345\214\272\345\211\215\350\277\233\344\270\200\350\267\257217"
 
